# JRE version: OpenJDK Runtime Environment Temurin-17.0.1+12 (17.0.1+12) (build 17.0.1+12)
# Java VM: OpenJDK 64-Bit Server VM Temurin-17.0.1+12 (17.0.1+12, mixed mode, tiered, compressed oops, compressed class ptrs, parallel gc, linux-amd64)
GC Precious Log:
 CPUs: 8 total, 8 available
 Memory: 15563M
 Large Page Support: Disabled
 NUMA Support: Disabled
 Compressed Oops: Enabled (32-bit)
 Alignments: Space 512K, Generation 512K, Heap 2M
 Heap Min Capacity: 100M
 Heap Initial Capacity: 100M
 Heap Max Capacity: 1G
 Pre-touch: Disabled
 Parallel Workers: 8
Heap:
 PSYoungGen      total 4096K, used 3699K [0x00000000eab00000, 0x00000000eb180000, 0x0000000100000000)
  eden space 3072K, 99% used [0x00000000eab00000,0x00000000eadffb20,0x00000000eae00000)
  from space 1024K, 61% used [0x00000000eb080000,0x00000000eb11d200,0x00000000eb180000)
  to   space 1536K, 27% used [0x00000000eae80000,0x00000000eaeeaf90,0x00000000eb000000)
 ParOldGen       total 306688K, used 269558K [0x00000000c0000000, 0x00000000d2b80000, 0x00000000eab00000)
  object space 306688K, 87% used [0x00000000c0000000,0x00000000d073d868,0x00000000d2b80000)
 Metaspace       used 94858K, committed 96320K, reserved 1138688K
  class space    used 10839K, committed 11456K, reserved 1048576K
GC Heap History (20 events):
Event: 2757,644 GC heap after
{Heap after GC invocations=931 (full 29):
 PSYoungGen      total 2048K, used 416K [0x00000000eab00000, 0x00000000eb300000, 0x0000000100000000)
  eden space 1536K, 0% used [0x00000000eab00000,0x00000000eab00000,0x00000000eac80000)
  from space 512K, 81% used [0x00000000eac80000,0x00000000eace8000,0x00000000ead00000)
  to   space 2560K, 0% used [0x00000000eb080000,0x00000000eb080000,0x00000000eb300000)
 ParOldGen       total 302080K, used 300400K [0x00000000c0000000, 0x00000000d2700000, 0x00000000eab00000)
  object space 302080K, 99% used [0x00000000c0000000,0x00000000d255c2b8,0x00000000d2700000)
 Metaspace       used 95190K, committed 96320K, reserved 1138688K
  class space    used 10905K, committed 11456K, reserved 1048576K
}
Event: 2757,645 GC heap before
{Heap before GC invocations=932 (full 30):
 PSYoungGen      total 2048K, used 416K [0x00000000eab00000, 0x00000000eb300000, 0x0000000100000000)
  eden space 1536K, 0% used [0x00000000eab00000,0x00000000eab00000,0x00000000eac80000)
  from space 512K, 81% used [0x00000000eac80000,0x00000000eace8000,0x00000000ead00000)
  to   space 2560K, 0% used [0x00000000eb080000,0x00000000eb080000,0x00000000eb300000)
 ParOldGen       total 302080K, used 300400K [0x00000000c0000000, 0x00000000d2700000, 0x00000000eab00000)
  object space 302080K, 99% used [0x00000000c0000000,0x00000000d255c2b8,0x00000000d2700000)
 Metaspace       used 95190K, committed 96320K, reserved 1138688K
  class space    used 10905K, committed 11456K, reserved 1048576K
}
Event: 2757,744 GC heap after
{Heap after GC invocations=932 (full 30):
 PSYoungGen      total 3584K, used 0K [0x00000000eab00000, 0x00000000eb200000, 0x0000000100000000)
  eden space 2048K, 0% used [0x00000000eab00000,0x00000000eab00000,0x00000000ead00000)
  from space 1536K, 0% used [0x00000000eb080000,0x00000000eb080000,0x00000000eb200000)
  to   space 2560K, 0% used [0x00000000ead00000,0x00000000ead00000,0x00000000eaf80000)
 ParOldGen       total 306688K, used 260461K [0x00000000c0000000, 0x00000000d2b80000, 0x00000000eab00000)
  object space 306688K, 84% used [0x00000000c0000000,0x00000000cfe5b658,0x00000000d2b80000)
 Metaspace       used 94754K, committed 96320K, reserved 1138688K
  class space    used 10827K, committed 11456K, reserved 1048576K
}
Event: 2779,553 GC heap before
{Heap before GC invocations=933 (full 30):
 PSYoungGen      total 3584K, used 2041K [0x00000000eab00000, 0x00000000eb200000, 0x0000000100000000)
  eden space 2048K, 99% used [0x00000000eab00000,0x00000000eacfe4d0,0x00000000ead00000)
  from space 1536K, 0% used [0x00000000eb080000,0x00000000eb080000,0x00000000eb200000)
  to   space 2560K, 0% used [0x00000000ead00000,0x00000000ead00000,0x00000000eaf80000)
 ParOldGen       total 306688K, used 260461K [0x00000000c0000000, 0x00000000d2b80000, 0x00000000eab00000)
  object space 306688K, 84% used [0x00000000c0000000,0x00000000cfe5b658,0x00000000d2b80000)
 Metaspace       used 94756K, committed 96320K, reserved 1138688K
  class space    used 10827K, committed 11456K, reserved 1048576K
}
Event: 2779,555 GC heap after
{Heap after GC invocations=933 (full 30):
 PSYoungGen      total 4608K, used 352K [0x00000000eab00000, 0x00000000eb100000, 0x0000000100000000)
  eden space 2048K, 0% used [0x00000000eab00000,0x00000000eab00000,0x00000000ead00000)
  from space 2560K, 13% used [0x00000000ead00000,0x00000000ead58000,0x00000000eaf80000)
  to   space 1024K, 0% used [0x00000000eb000000,0x00000000eb000000,0x00000000eb100000)
 ParOldGen       total 306688K, used 260461K [0x00000000c0000000, 0x00000000d2b80000, 0x00000000eab00000)
  object space 306688K, 84% used [0x00000000c0000000,0x00000000cfe5b658,0x00000000d2b80000)
 Metaspace       used 94756K, committed 96320K, reserved 1138688K
  class space    used 10827K, committed 11456K, reserved 1048576K
}
Event: 2779,562 GC heap before
{Heap before GC invocations=934 (full 30):
 PSYoungGen      total 4608K, used 2400K [0x00000000eab00000, 0x00000000eb100000, 0x0000000100000000)
  eden space 2048K, 100% used [0x00000000eab00000,0x00000000ead00000,0x00000000ead00000)
  from space 2560K, 13% used [0x00000000ead00000,0x00000000ead58000,0x00000000eaf80000)
  to   space 1024K, 0% used [0x00000000eb000000,0x00000000eb000000,0x00000000eb100000)
 ParOldGen       total 306688K, used 260461K [0x00000000c0000000, 0x00000000d2b80000, 0x00000000eab00000)
  object space 306688K, 84% used [0x00000000c0000000,0x00000000cfe5b658,0x00000000d2b80000)
 Metaspace       used 94759K, committed 96320K, reserved 1138688K
  class space    used 10827K, committed 11456K, reserved 1048576K
}
Event: 2779,563 GC heap after
{Heap after GC invocations=934 (full 30):
 PSYoungGen      total 3072K, used 128K [0x00000000eab00000, 0x00000000eb080000, 0x0000000100000000)
  eden space 2560K, 0% used [0x00000000eab00000,0x00000000eab00000,0x00000000ead80000)
  from space 512K, 25% used [0x00000000eb000000,0x00000000eb020000,0x00000000eb080000)
  to   space 512K, 0% used [0x00000000eaf80000,0x00000000eaf80000,0x00000000eb000000)
 ParOldGen       total 306688K, used 260717K [0x00000000c0000000, 0x00000000d2b80000, 0x00000000eab00000)
  object space 306688K, 85% used [0x00000000c0000000,0x00000000cfe9b668,0x00000000d2b80000)
 Metaspace       used 94759K, committed 96320K, reserved 1138688K
  class space    used 10827K, committed 11456K, reserved 1048576K
}
Event: 2834,928 GC heap before
{Heap before GC invocations=935 (full 30):
 PSYoungGen      total 3072K, used 2688K [0x00000000eab00000, 0x00000000eb080000, 0x0000000100000000)
  eden space 2560K, 100% used [0x00000000eab00000,0x00000000ead80000,0x00000000ead80000)
  from space 512K, 25% used [0x00000000eb000000,0x00000000eb020000,0x00000000eb080000)
  to   space 512K, 0% used [0x00000000eaf80000,0x00000000eaf80000,0x00000000eb000000)
 ParOldGen       total 306688K, used 260717K [0x00000000c0000000, 0x00000000d2b80000, 0x00000000eab00000)
  object space 306688K, 85% used [0x00000000c0000000,0x00000000cfe9b668,0x00000000d2b80000)
 Metaspace       used 94781K, committed 96320K, reserved 1138688K
  class space    used 10827K, committed 11456K, reserved 1048576K
}
Event: 2834,929 GC heap after
{Heap after GC invocations=935 (full 30):
 PSYoungGen      total 3584K, used 256K [0x00000000eab00000, 0x00000000eb080000, 0x0000000100000000)
  eden space 3072K, 0% used [0x00000000eab00000,0x00000000eab00000,0x00000000eae00000)
  from space 512K, 50% used [0x00000000eaf80000,0x00000000eafc0000,0x00000000eb000000)
  to   space 512K, 0% used [0x00000000eb000000,0x00000000eb000000,0x00000000eb080000)
 ParOldGen       total 306688K, used 260749K [0x00000000c0000000, 0x00000000d2b80000, 0x00000000eab00000)
  object space 306688K, 85% used [0x00000000c0000000,0x00000000cfea3668,0x00000000d2b80000)
 Metaspace       used 94781K, committed 96320K, reserved 1138688K
  class space    used 10827K, committed 11456K, reserved 1048576K
}
Event: 2834,941 GC heap before
{Heap before GC invocations=936 (full 30):
 PSYoungGen      total 3584K, used 3328K [0x00000000eab00000, 0x00000000eb080000, 0x0000000100000000)
  eden space 3072K, 100% used [0x00000000eab00000,0x00000000eae00000,0x00000000eae00000)
  from space 512K, 50% used [0x00000000eaf80000,0x00000000eafc0000,0x00000000eb000000)
  to   space 512K, 0% used [0x00000000eb000000,0x00000000eb000000,0x00000000eb080000)
 ParOldGen       total 306688K, used 260749K [0x00000000c0000000, 0x00000000d2b80000, 0x00000000eab00000)
  object space 306688K, 85% used [0x00000000c0000000,0x00000000cfea3668,0x00000000d2b80000)
 Metaspace       used 94781K, committed 96320K, reserved 1138688K
  class space    used 10827K, committed 11456K, reserved 1048576K
}
Event: 2834,943 GC heap after
{Heap after GC invocations=936 (full 30):
 PSYoungGen      total 2560K, used 506K [0x00000000eab00000, 0x00000000eb400000, 0x0000000100000000)
  eden space 2048K, 0% used [0x00000000eab00000,0x00000000eab00000,0x00000000ead00000)
  from space 512K, 98% used [0x00000000eb000000,0x00000000eb07e900,0x00000000eb080000)
  to   space 3072K, 0% used [0x00000000ead00000,0x00000000ead00000,0x00000000eb000000)
 ParOldGen       total 306688K, used 262784K [0x00000000c0000000, 0x00000000d2b80000, 0x00000000eab00000)
  object space 306688K, 85% used [0x00000000c0000000,0x00000000d00a0248,0x00000000d2b80000)
 Metaspace       used 94781K, committed 96320K, reserved 1138688K
  class space    used 10827K, committed 11456K, reserved 1048576K
}
Event: 2834,947 GC heap before
{Heap before GC invocations=937 (full 30):
 PSYoungGen      total 2560K, used 2554K [0x00000000eab00000, 0x00000000eb400000, 0x0000000100000000)
  eden space 2048K, 100% used [0x00000000eab00000,0x00000000ead00000,0x00000000ead00000)
  from space 512K, 98% used [0x00000000eb000000,0x00000000eb07e900,0x00000000eb080000)
  to   space 3072K, 0% used [0x00000000ead00000,0x00000000ead00000,0x00000000eb000000)
 ParOldGen       total 306688K, used 262784K [0x00000000c0000000, 0x00000000d2b80000, 0x00000000eab00000)
  object space 306688K, 85% used [0x00000000c0000000,0x00000000d00a0248,0x00000000d2b80000)
 Metaspace       used 94781K, committed 96320K, reserved 1138688K
  class space    used 10827K, committed 11456K, reserved 1048576K
}
Event: 2834,950 GC heap after
{Heap after GC invocations=937 (full 30):
 PSYoungGen      total 5120K, used 2176K [0x00000000eab00000, 0x00000000eb280000, 0x0000000100000000)
  eden space 2048K, 0% used [0x00000000eab00000,0x00000000eab00000,0x00000000ead00000)
  from space 3072K, 70% used [0x00000000ead00000,0x00000000eaf20000,0x00000000eb000000)
  to   space 2560K, 0% used [0x00000000eb000000,0x00000000eb000000,0x00000000eb280000)
 ParOldGen       total 306688K, used 263301K [0x00000000c0000000, 0x00000000d2b80000, 0x00000000eab00000)
  object space 306688K, 85% used [0x00000000c0000000,0x00000000d0121448,0x00000000d2b80000)
 Metaspace       used 94781K, committed 96320K, reserved 1138688K
  class space    used 10827K, committed 11456K, reserved 1048576K
}
Event: 2834,954 GC heap before
{Heap before GC invocations=938 (full 30):
 PSYoungGen      total 5120K, used 4224K [0x00000000eab00000, 0x00000000eb280000, 0x0000000100000000)
  eden space 2048K, 100% used [0x00000000eab00000,0x00000000ead00000,0x00000000ead00000)
  from space 3072K, 70% used [0x00000000ead00000,0x00000000eaf20000,0x00000000eb000000)
  to   space 2560K, 0% used [0x00000000eb000000,0x00000000eb000000,0x00000000eb280000)
 ParOldGen       total 306688K, used 263301K [0x00000000c0000000, 0x00000000d2b80000, 0x00000000eab00000)
  object space 306688K, 85% used [0x00000000c0000000,0x00000000d0121448,0x00000000d2b80000)
 Metaspace       used 94781K, committed 96320K, reserved 1138688K
  class space    used 10827K, committed 11456K, reserved 1048576K
}
Event: 2834,958 GC heap after
{Heap after GC invocations=938 (full 30):
 PSYoungGen      total 5120K, used 2144K [0x00000000eab00000, 0x00000000eb280000, 0x0000000100000000)
  eden space 2560K, 0% used [0x00000000eab00000,0x00000000eab00000,0x00000000ead80000)
  from space 2560K, 83% used [0x00000000eb000000,0x00000000eb218000,0x00000000eb280000)
  to   space 2560K, 0% used [0x00000000ead80000,0x00000000ead80000,0x00000000eb000000)
 ParOldGen       total 306688K, used 265349K [0x00000000c0000000, 0x00000000d2b80000, 0x00000000eab00000)
  object space 306688K, 86% used [0x00000000c0000000,0x00000000d0321448,0x00000000d2b80000)
 Metaspace       used 94781K, committed 96320K, reserved 1138688K
  class space    used 10827K, committed 11456K, reserved 1048576K
}
Event: 2835,002 GC heap before
{Heap before GC invocations=939 (full 30):
 PSYoungGen      total 5120K, used 4704K [0x00000000eab00000, 0x00000000eb280000, 0x0000000100000000)
  eden space 2560K, 100% used [0x00000000eab00000,0x00000000ead80000,0x00000000ead80000)
  from space 2560K, 83% used [0x00000000eb000000,0x00000000eb218000,0x00000000eb280000)
  to   space 2560K, 0% used [0x00000000ead80000,0x00000000ead80000,0x00000000eb000000)
 ParOldGen       total 306688K, used 265349K [0x00000000c0000000, 0x00000000d2b80000, 0x00000000eab00000)
  object space 306688K, 86% used [0x00000000c0000000,0x00000000d0321448,0x00000000d2b80000)
 Metaspace       used 94781K, committed 96320K, reserved 1138688K
  class space    used 10827K, committed 11456K, reserved 1048576K
}
Event: 2835,006 GC heap after
{Heap after GC invocations=939 (full 30):
 PSYoungGen      total 5120K, used 2036K [0x00000000eab00000, 0x00000000eb300000, 0x0000000100000000)
  eden space 2560K, 0% used [0x00000000eab00000,0x00000000eab00000,0x00000000ead80000)
  from space 2560K, 79% used [0x00000000ead80000,0x00000000eaf7d200,0x00000000eb000000)
  to   space 2560K, 0% used [0x00000000eb080000,0x00000000eb080000,0x00000000eb300000)
 ParOldGen       total 306688K, used 267397K [0x00000000c0000000, 0x00000000d2b80000, 0x00000000eab00000)
  object space 306688K, 87% used [0x00000000c0000000,0x00000000d0521448,0x00000000d2b80000)
 Metaspace       used 94781K, committed 96320K, reserved 1138688K
  class space    used 10827K, committed 11456K, reserved 1048576K
}
Event: 2835,018 GC heap before
{Heap before GC invocations=940 (full 30):
 PSYoungGen      total 5120K, used 4596K [0x00000000eab00000, 0x00000000eb300000, 0x0000000100000000)
  eden space 2560K, 100% used [0x00000000eab00000,0x00000000ead80000,0x00000000ead80000)
  from space 2560K, 79% used [0x00000000ead80000,0x00000000eaf7d200,0x00000000eb000000)
  to   space 2560K, 0% used [0x00000000eb080000,0x00000000eb080000,0x00000000eb300000)
 ParOldGen       total 306688K, used 267397K [0x00000000c0000000, 0x00000000d2b80000, 0x00000000eab00000)
  object space 306688K, 87% used [0x00000000c0000000,0x00000000d0521448,0x00000000d2b80000)
 Metaspace       used 94782K, committed 96320K, reserved 1138688K
  class space    used 10827K, committed 11456K, reserved 1048576K
}
Event: 2835,021 GC heap after
{Heap after GC invocations=940 (full 30):
 PSYoungGen      total 4096K, used 628K [0x00000000eab00000, 0x00000000eb180000, 0x0000000100000000)
  eden space 3072K, 0% used [0x00000000eab00000,0x00000000eab00000,0x00000000eae00000)
  from space 1024K, 61% used [0x00000000eb080000,0x00000000eb11d200,0x00000000eb180000)
  to   space 1536K, 0% used [0x00000000eae80000,0x00000000eae80000,0x00000000eb000000)
 ParOldGen       total 306688K, used 268993K [0x00000000c0000000, 0x00000000d2b80000, 0x00000000eab00000)
  object space 306688K, 87% used [0x00000000c0000000,0x00000000d06b0648,0x00000000d2b80000)
 Metaspace       used 94782K, committed 96320K, reserved 1138688K
  class space    used 10827K, committed 11456K, reserved 1048576K
}
Event: 2992,125 GC heap before
{Heap before GC invocations=941 (full 30):
 PSYoungGen      total 4096K, used 3699K [0x00000000eab00000, 0x00000000eb180000, 0x0000000100000000)
  eden space 3072K, 99% used [0x00000000eab00000,0x00000000eadffb20,0x00000000eae00000)
  from space 1024K, 61% used [0x00000000eb080000,0x00000000eb11d200,0x00000000eb180000)
  to   space 1536K, 0% used [0x00000000eae80000,0x00000000eae80000,0x00000000eb000000)
 ParOldGen       total 306688K, used 268993K [0x00000000c0000000, 0x00000000d2b80000, 0x00000000eab00000)
  object space 306688K, 87% used [0x00000000c0000000,0x00000000d06b0648,0x00000000d2b80000)
 Metaspace       used 94858K, committed 96320K, reserved 1138688K
  class space    used 10839K, committed 11456K, reserved 1048576K
}

